['27/12/2022 10:49:17 AM'] [root] [INFO] [fechar_tela] [ENCERRANDO SISTEMA!]
['27/12/2022 10:50:13 AM'] [root] [INFO] [fechar_tela] [ENCERRANDO SISTEMA!]
['27/12/2022 10:51:40 AM'] [root] [INFO] [fechar_tela] [ENCERRANDO SISTEMA!]
['27/12/2022 10:52:24 AM'] [root] [INFO] [fechar_tela] [ENCERRANDO SISTEMA!]
['27/12/2022 10:53:06 AM'] [root] [INFO] [fechar_tela] [ENCERRANDO SISTEMA!]
['27/12/2022 10:54:17 AM'] [root] [INFO] [fechar_tela] [ENCERRANDO SISTEMA!]
['27/12/2022 10:54:39 AM'] [root] [INFO] [fechar_tela] [ENCERRANDO SISTEMA!]
['27/12/2022 10:58:59 AM'] [root] [INFO] [fechar_tela] [ENCERRANDO SISTEMA!]
['27/12/2022 11:17:08 AM'] [root] [INFO] [fechar_tela] [ENCERRANDO SISTEMA!]
['27/12/2022 11:18:17 AM'] [root] [INFO] [fechar_tela] [ENCERRANDO SISTEMA!]
['27/12/2022 11:19:53 AM'] [root] [INFO] [fechar_tela] [ENCERRANDO SISTEMA!]
['27/12/2022 11:21:28 AM'] [root] [INFO] [fechar_tela] [ENCERRANDO SISTEMA!]
['27/12/2022 11:22:31 AM'] [root] [INFO] [encontrar_dados] [PESQUISA EXECUTADA: SELECT * FROM tbl_banco]
['27/12/2022 11:22:40 AM'] [root] [INFO] [encontrar_dados] [PESQUISA EXECUTADA: SELECT * FROM tbl_conta]
['27/12/2022 11:22:50 AM'] [root] [INFO] [fechar_tela] [ENCERRANDO SISTEMA!]
['27/12/2022 11:23:23 AM'] [root] [INFO] [encontrar_dados] [PESQUISA EXECUTADA: SELECT * FROM tbl_conta]
['27/12/2022 11:23:37 AM'] [root] [INFO] [encontrar_dados] [PESQUISA EXECUTADA: SELECT * FROM tbl_banco]
['27/12/2022 11:23:39 AM'] [root] [INFO] [encontrar_dados] [PESQUISA EXECUTADA: SELECT * FROM tbl_banco]
['27/12/2022 11:24:08 AM'] [root] [INFO] [encontrar_dados] [PESQUISA EXECUTADA: SELECT * FROM tbl_conta]
['27/12/2022 11:25:47 AM'] [root] [INFO] [analise_inside] [BUSCA REALIZADA COM SUCESSO: INFO PESQUISADA as]
['27/12/2022 11:28:04 AM'] [root] [INFO] [encontrar_dados] [PESQUISA EXECUTADA: SELECT * FROM tbl_conta]
['27/12/2022 11:29:11 AM'] [root] [INFO] [encontrar_dados] [PESQUISA EXECUTADA: SELECT * FROM tbl_conta]
['27/12/2022 01:55:31 PM'] [root] [INFO] [fechar_tela] [ENCERRANDO SISTEMA!]
['27/12/2022 02:01:00 PM'] [root] [INFO] [encontrar_dados] [PESQUISA EXECUTADA: SELECT * FROM tbl_conta]
['27/12/2022 02:01:09 PM'] [root] [INFO] [fechar_tela] [ENCERRANDO SISTEMA!]
['27/12/2022 02:05:10 PM'] [root] [INFO] [encontrar_dados] [PESQUISA EXECUTADA: SELECT * FROM tbl_conta]
['27/12/2022 02:05:18 PM'] [root] [INFO] [fechar_tela] [ENCERRANDO SISTEMA!]
['27/12/2022 02:06:33 PM'] [root] [INFO] [encontrar_dados] [PESQUISA EXECUTADA: SELECT * FROM tbl_conta]
['27/12/2022 02:09:38 PM'] [root] [INFO] [encontrar_dados] [PESQUISA EXECUTADA: SELECT * FROM tbl_conta]
['27/12/2022 02:10:33 PM'] [root] [INFO] [encontrar_dados] [PESQUISA EXECUTADA: SELECT * FROM tbl_conta]
['27/12/2022 02:11:55 PM'] [root] [INFO] [encontrar_dados] [PESQUISA EXECUTADA: SELECT * FROM tbl_conta]
['27/12/2022 02:12:08 PM'] [root] [INFO] [encontrar_dados] [PESQUISA EXECUTADA: SELECT * FROM tbl_conta]
['27/12/2022 02:12:11 PM'] [root] [INFO] [encontrar_dados] [PESQUISA EXECUTADA: SELECT * FROM tbl_conta]
['27/12/2022 02:12:25 PM'] [root] [INFO] [encontrar_dados] [PESQUISA EXECUTADA: SELECT * FROM tbl_conta WHERE id = 14]
['27/12/2022 02:20:35 PM'] [root] [INFO] [encontrar_dados] [PESQUISA EXECUTADA: SELECT * FROM tbl_conta]
['27/12/2022 02:21:09 PM'] [root] [INFO] [encontrar_dados] [PESQUISA EXECUTADA: SELECT * FROM tbl_conta WHERE nr_agencia=1]
['27/12/2022 02:21:27 PM'] [root] [INFO] [encontrar_dados] [PESQUISA EXECUTADA: SELECT * FROM tbl_conta WHERE nr_conta=1471376]
['27/12/2022 02:21:39 PM'] [root] [INFO] [fechar_tela] [ENCERRANDO SISTEMA!]
['27/12/2022 02:23:02 PM'] [root] [INFO] [encontrar_dados] [PESQUISA EXECUTADA: SELECT * FROM tbl_conta]
['27/12/2022 02:23:40 PM'] [root] [INFO] [encontrar_dados] [PESQUISA EXECUTADA: SELECT * FROM tbl_conta WHERE cd_transacao=311973010151643987]
['27/12/2022 02:23:54 PM'] [root] [INFO] [encontrar_dados] [PESQUISA EXECUTADA: SELECT * FROM tbl_banco]
['27/12/2022 02:25:04 PM'] [root] [INFO] [encontrar_dados] [PESQUISA EXECUTADA: SELECT * FROM tbl_conta]
['27/12/2022 02:25:08 PM'] [root] [ERROR] [baixar_pesquisa] [ERRO: name 'loggin' is not defined]
['27/12/2022 02:25:59 PM'] [root] [INFO] [encontrar_dados] [PESQUISA EXECUTADA: SELECT * FROM tbl_conta]
['27/12/2022 02:26:16 PM'] [root] [INFO] [encontrar_dados] [PESQUISA EXECUTADA: SELECT * FROM tbl_conta]
['27/12/2022 02:26:18 PM'] [root] [INFO] [baixar_pesquisa] [DOWNOLOAD EXECUTADO!]
['27/12/2022 02:26:48 PM'] [root] [INFO] [fechar_tela] [ENCERRANDO SISTEMA!]
['27/12/2022 02:27:33 PM'] [root] [INFO] [<module>] [INICIALIZANDO SISTEMA!]
['27/12/2022 02:27:47 PM'] [root] [INFO] [encontrar_dados] [PESQUISA EXECUTADA: SELECT * FROM tbl_banco]
['27/12/2022 02:28:01 PM'] [root] [INFO] [baixar_pesquisa] [DOWNOLOAD EXECUTADO!]
['27/12/2022 02:28:07 PM'] [root] [INFO] [fechar_tela] [ENCERRANDO SISTEMA!]
['30/12/2022 12:17:22 PM'] [root] [INFO] [<module>] [INICIALIZANDO SISTEMA!]
['30/12/2022 12:17:31 PM'] [root] [INFO] [fechar_tela] [ENCERRANDO SISTEMA!]
['30/12/2022 12:19:02 PM'] [root] [INFO] [<module>] [INICIALIZANDO SISTEMA!]
['30/12/2022 12:24:05 PM'] [root] [INFO] [fechar_tela] [ENCERRANDO SISTEMA!]
['30/12/2022 12:32:51 PM'] [root] [INFO] [<module>] [INICIALIZANDO SISTEMA!]
['30/12/2022 12:32:53 PM'] [root] [INFO] [fechar_tela] [ENCERRANDO SISTEMA!]
